<?xml version="1.0" encoding="UTF-8"?>
<testsuite xmlns:xsi="http://www.w3.org/2001/XMLSchema-instance" xsi:noNamespaceSchemaLocation="https://maven.apache.org/surefire/maven-surefire-plugin/xsd/surefire-test-report.xsd" name="com.neu.his.bms.AppTest" time="0.084" tests="1" errors="0" skipped="0" failures="0">
  <properties>
    <property name="sun.desktop" value="windows"/>
    <property name="awt.toolkit" value="sun.awt.windows.WToolkit"/>
    <property name="file.encoding.pkg" value="sun.io"/>
    <property name="java.specification.version" value="1.8"/>
    <property name="sun.cpu.isalist" value="amd64"/>
    <property name="sun.jnu.encoding" value="GBK"/>
    <property name="java.class.path" value="F:\HIS\HIS\HIS-master\HIS-mbg\target\test-classes;F:\HIS\HIS\HIS-master\HIS-mbg\target\classes;F:\maven\maven_app\repository\io\springfox\springfox-swagger2\2.7.0\springfox-swagger2-2.7.0.jar;F:\maven\maven_app\repository\io\swagger\swagger-annotations\1.5.13\swagger-annotations-1.5.13.jar;F:\maven\maven_app\repository\io\swagger\swagger-models\1.5.13\swagger-models-1.5.13.jar;F:\maven\maven_app\repository\com\fasterxml\jackson\core\jackson-annotations\2.9.0\jackson-annotations-2.9.0.jar;F:\maven\maven_app\repository\io\springfox\springfox-spi\2.7.0\springfox-spi-2.7.0.jar;F:\maven\maven_app\repository\io\springfox\springfox-core\2.7.0\springfox-core-2.7.0.jar;F:\maven\maven_app\repository\io\springfox\springfox-schema\2.7.0\springfox-schema-2.7.0.jar;F:\maven\maven_app\repository\io\springfox\springfox-swagger-common\2.7.0\springfox-swagger-common-2.7.0.jar;F:\maven\maven_app\repository\io\springfox\springfox-spring-web\2.7.0\springfox-spring-web-2.7.0.jar;F:\maven\maven_app\repository\org\reflections\reflections\0.9.11\reflections-0.9.11.jar;F:\maven\maven_app\repository\org\javassist\javassist\3.21.0-GA\javassist-3.21.0-GA.jar;F:\maven\maven_app\repository\com\google\guava\guava\18.0\guava-18.0.jar;F:\maven\maven_app\repository\com\fasterxml\classmate\1.4.0\classmate-1.4.0.jar;F:\maven\maven_app\repository\org\slf4j\slf4j-api\1.7.25\slf4j-api-1.7.25.jar;F:\maven\maven_app\repository\org\springframework\plugin\spring-plugin-core\1.2.0.RELEASE\spring-plugin-core-1.2.0.RELEASE.jar;F:\maven\maven_app\repository\org\springframework\spring-beans\5.1.5.RELEASE\spring-beans-5.1.5.RELEASE.jar;F:\maven\maven_app\repository\org\springframework\spring-context\5.1.5.RELEASE\spring-context-5.1.5.RELEASE.jar;F:\maven\maven_app\repository\org\springframework\plugin\spring-plugin-metadata\1.2.0.RELEASE\spring-plugin-metadata-1.2.0.RELEASE.jar;F:\maven\maven_app\repository\org\mapstruct\mapstruct\1.1.0.Final\mapstruct-1.1.0.Final.jar;F:\maven\maven_app\repository\io\springfox\springfox-swagger-ui\2.7.0\springfox-swagger-ui-2.7.0.jar;F:\maven\maven_app\repository\junit\junit\4.11\junit-4.11.jar;F:\maven\maven_app\repository\org\hamcrest\hamcrest-core\1.3\hamcrest-core-1.3.jar;F:\maven\maven_app\repository\org\mybatis\generator\mybatis-generator-core\1.3.3\mybatis-generator-core-1.3.3.jar;F:\maven\maven_app\repository\org\mybatis\mybatis\3.4.6\mybatis-3.4.6.jar;F:\maven\maven_app\repository\mysql\mysql-connector-java\8.0.15\mysql-connector-java-8.0.15.jar;F:\maven\maven_app\repository\org\projectlombok\lombok\1.18.6\lombok-1.18.6.jar;F:\maven\maven_app\repository\org\springframework\boot\spring-boot-starter-web\2.1.3.RELEASE\spring-boot-starter-web-2.1.3.RELEASE.jar;F:\maven\maven_app\repository\org\springframework\boot\spring-boot-starter\2.1.3.RELEASE\spring-boot-starter-2.1.3.RELEASE.jar;F:\maven\maven_app\repository\org\springframework\boot\spring-boot-starter-logging\2.1.3.RELEASE\spring-boot-starter-logging-2.1.3.RELEASE.jar;F:\maven\maven_app\repository\ch\qos\logback\logback-classic\1.2.3\logback-classic-1.2.3.jar;F:\maven\maven_app\repository\ch\qos\logback\logback-core\1.2.3\logback-core-1.2.3.jar;F:\maven\maven_app\repository\org\apache\logging\log4j\log4j-to-slf4j\2.11.2\log4j-to-slf4j-2.11.2.jar;F:\maven\maven_app\repository\org\apache\logging\log4j\log4j-api\2.11.2\log4j-api-2.11.2.jar;F:\maven\maven_app\repository\org\slf4j\jul-to-slf4j\1.7.25\jul-to-slf4j-1.7.25.jar;F:\maven\maven_app\repository\javax\annotation\javax.annotation-api\1.3.2\javax.annotation-api-1.3.2.jar;F:\maven\maven_app\repository\org\yaml\snakeyaml\1.23\snakeyaml-1.23.jar;F:\maven\maven_app\repository\org\springframework\boot\spring-boot-starter-json\2.1.3.RELEASE\spring-boot-starter-json-2.1.3.RELEASE.jar;F:\maven\maven_app\repository\com\fasterxml\jackson\core\jackson-databind\2.9.8\jackson-databind-2.9.8.jar;F:\maven\maven_app\repository\com\fasterxml\jackson\core\jackson-core\2.9.8\jackson-core-2.9.8.jar;F:\maven\maven_app\repository\com\fasterxml\jackson\datatype\jackson-datatype-jdk8\2.9.8\jackson-datatype-jdk8-2.9.8.jar;F:\maven\maven_app\repository\com\fasterxml\jackson\datatype\jackson-datatype-jsr310\2.9.8\jackson-datatype-jsr310-2.9.8.jar;F:\maven\maven_app\repository\com\fasterxml\jackson\module\jackson-module-parameter-names\2.9.8\jackson-module-parameter-names-2.9.8.jar;F:\maven\maven_app\repository\org\springframework\boot\spring-boot-starter-tomcat\2.1.3.RELEASE\spring-boot-starter-tomcat-2.1.3.RELEASE.jar;F:\maven\maven_app\repository\org\apache\tomcat\embed\tomcat-embed-core\9.0.16\tomcat-embed-core-9.0.16.jar;F:\maven\maven_app\repository\org\apache\tomcat\embed\tomcat-embed-el\9.0.16\tomcat-embed-el-9.0.16.jar;F:\maven\maven_app\repository\org\apache\tomcat\embed\tomcat-embed-websocket\9.0.16\tomcat-embed-websocket-9.0.16.jar;F:\maven\maven_app\repository\org\hibernate\validator\hibernate-validator\6.0.14.Final\hibernate-validator-6.0.14.Final.jar;F:\maven\maven_app\repository\javax\validation\validation-api\2.0.1.Final\validation-api-2.0.1.Final.jar;F:\maven\maven_app\repository\org\jboss\logging\jboss-logging\3.3.2.Final\jboss-logging-3.3.2.Final.jar;F:\maven\maven_app\repository\org\springframework\spring-web\5.1.5.RELEASE\spring-web-5.1.5.RELEASE.jar;F:\maven\maven_app\repository\org\springframework\spring-webmvc\5.1.5.RELEASE\spring-webmvc-5.1.5.RELEASE.jar;F:\maven\maven_app\repository\org\springframework\spring-expression\5.1.5.RELEASE\spring-expression-5.1.5.RELEASE.jar;F:\maven\maven_app\repository\org\springframework\boot\spring-boot-starter-actuator\2.1.3.RELEASE\spring-boot-starter-actuator-2.1.3.RELEASE.jar;F:\maven\maven_app\repository\org\springframework\boot\spring-boot-actuator-autoconfigure\2.1.3.RELEASE\spring-boot-actuator-autoconfigure-2.1.3.RELEASE.jar;F:\maven\maven_app\repository\org\springframework\boot\spring-boot-actuator\2.1.3.RELEASE\spring-boot-actuator-2.1.3.RELEASE.jar;F:\maven\maven_app\repository\io\micrometer\micrometer-core\1.1.3\micrometer-core-1.1.3.jar;F:\maven\maven_app\repository\org\hdrhistogram\HdrHistogram\2.1.9\HdrHistogram-2.1.9.jar;F:\maven\maven_app\repository\org\latencyutils\LatencyUtils\2.0.3\LatencyUtils-2.0.3.jar;F:\maven\maven_app\repository\org\springframework\boot\spring-boot-starter-aop\2.1.3.RELEASE\spring-boot-starter-aop-2.1.3.RELEASE.jar;F:\maven\maven_app\repository\org\springframework\spring-aop\5.1.5.RELEASE\spring-aop-5.1.5.RELEASE.jar;F:\maven\maven_app\repository\org\aspectj\aspectjweaver\1.9.2\aspectjweaver-1.9.2.jar;F:\maven\maven_app\repository\org\springframework\boot\spring-boot-starter-test\2.1.3.RELEASE\spring-boot-starter-test-2.1.3.RELEASE.jar;F:\maven\maven_app\repository\org\springframework\boot\spring-boot-test\2.1.3.RELEASE\spring-boot-test-2.1.3.RELEASE.jar;F:\maven\maven_app\repository\org\springframework\boot\spring-boot-test-autoconfigure\2.1.3.RELEASE\spring-boot-test-autoconfigure-2.1.3.RELEASE.jar;F:\maven\maven_app\repository\com\jayway\jsonpath\json-path\2.4.0\json-path-2.4.0.jar;F:\maven\maven_app\repository\net\minidev\json-smart\2.3\json-smart-2.3.jar;F:\maven\maven_app\repository\net\minidev\accessors-smart\1.2\accessors-smart-1.2.jar;F:\maven\maven_app\repository\org\ow2\asm\asm\5.0.4\asm-5.0.4.jar;F:\maven\maven_app\repository\org\assertj\assertj-core\3.11.1\assertj-core-3.11.1.jar;F:\maven\maven_app\repository\org\mockito\mockito-core\2.23.4\mockito-core-2.23.4.jar;F:\maven\maven_app\repository\net\bytebuddy\byte-buddy\1.9.10\byte-buddy-1.9.10.jar;F:\maven\maven_app\repository\net\bytebuddy\byte-buddy-agent\1.9.10\byte-buddy-agent-1.9.10.jar;F:\maven\maven_app\repository\org\objenesis\objenesis\2.6\objenesis-2.6.jar;F:\maven\maven_app\repository\org\hamcrest\hamcrest-library\1.3\hamcrest-library-1.3.jar;F:\maven\maven_app\repository\org\skyscreamer\jsonassert\1.5.0\jsonassert-1.5.0.jar;F:\maven\maven_app\repository\com\vaadin\external\google\android-json\0.0.20131108.vaadin1\android-json-0.0.20131108.vaadin1.jar;F:\maven\maven_app\repository\org\springframework\spring-core\5.1.5.RELEASE\spring-core-5.1.5.RELEASE.jar;F:\maven\maven_app\repository\org\springframework\spring-jcl\5.1.5.RELEASE\spring-jcl-5.1.5.RELEASE.jar;F:\maven\maven_app\repository\org\springframework\spring-test\5.1.5.RELEASE\spring-test-5.1.5.RELEASE.jar;F:\maven\maven_app\repository\org\xmlunit\xmlunit-core\2.6.2\xmlunit-core-2.6.2.jar;F:\maven\maven_app\repository\com\github\pagehelper\pagehelper-spring-boot-starter\1.2.10\pagehelper-spring-boot-starter-1.2.10.jar;F:\maven\maven_app\repository\org\mybatis\spring\boot\mybatis-spring-boot-starter\1.3.2\mybatis-spring-boot-starter-1.3.2.jar;F:\maven\maven_app\repository\org\springframework\boot\spring-boot-starter-jdbc\2.1.3.RELEASE\spring-boot-starter-jdbc-2.1.3.RELEASE.jar;F:\maven\maven_app\repository\com\zaxxer\HikariCP\3.2.0\HikariCP-3.2.0.jar;F:\maven\maven_app\repository\org\springframework\spring-jdbc\5.1.5.RELEASE\spring-jdbc-5.1.5.RELEASE.jar;F:\maven\maven_app\repository\org\springframework\spring-tx\5.1.5.RELEASE\spring-tx-5.1.5.RELEASE.jar;F:\maven\maven_app\repository\org\mybatis\spring\boot\mybatis-spring-boot-autoconfigure\1.3.2\mybatis-spring-boot-autoconfigure-1.3.2.jar;F:\maven\maven_app\repository\org\mybatis\mybatis-spring\1.3.2\mybatis-spring-1.3.2.jar;F:\maven\maven_app\repository\com\github\pagehelper\pagehelper-spring-boot-autoconfigure\1.2.10\pagehelper-spring-boot-autoconfigure-1.2.10.jar;F:\maven\maven_app\repository\com\github\pagehelper\pagehelper\5.1.8\pagehelper-5.1.8.jar;F:\maven\maven_app\repository\com\github\jsqlparser\jsqlparser\1.2\jsqlparser-1.2.jar;F:\maven\maven_app\repository\com\alibaba\druid-spring-boot-starter\1.1.10\druid-spring-boot-starter-1.1.10.jar;F:\maven\maven_app\repository\com\alibaba\druid\1.1.10\druid-1.1.10.jar;F:\maven\maven_app\repository\org\springframework\boot\spring-boot-autoconfigure\2.1.3.RELEASE\spring-boot-autoconfigure-2.1.3.RELEASE.jar;F:\maven\maven_app\repository\org\springframework\boot\spring-boot-devtools\2.1.3.RELEASE\spring-boot-devtools-2.1.3.RELEASE.jar;F:\maven\maven_app\repository\org\springframework\boot\spring-boot\2.1.3.RELEASE\spring-boot-2.1.3.RELEASE.jar;"/>
    <property name="java.vm.vendor" value="Oracle Corporation"/>
    <property name="sun.arch.data.model" value="64"/>
    <property name="user.variant" value=""/>
    <property name="java.vendor.url" value="http://java.oracle.com/"/>
    <property name="user.timezone" value="Asia/Shanghai"/>
    <property name="java.vm.specification.version" value="1.8"/>
    <property name="os.name" value="Windows 10"/>
    <property name="user.country" value="CN"/>
    <property name="sun.java.launcher" value="SUN_STANDARD"/>
    <property name="sun.boot.library.path" value="C:\Program Files\Java\jdk1.8.0_144\jre\bin"/>
    <property name="sun.java.command" value="C:\Users\LENOVO~1\AppData\Local\Temp\surefire5730385921987976556\surefirebooter4112024315750942443.jar C:\Users\lenovo-aa\AppData\Local\Temp\surefire5730385921987976556 2019-07-17T21-28-03_487-jvmRun1 surefire2544669765266032445tmp surefire_04146921774334624041tmp"/>
    <property name="surefire.test.class.path" value="F:\HIS\HIS\HIS-master\HIS-mbg\target\test-classes;F:\HIS\HIS\HIS-master\HIS-mbg\target\classes;F:\maven\maven_app\repository\io\springfox\springfox-swagger2\2.7.0\springfox-swagger2-2.7.0.jar;F:\maven\maven_app\repository\io\swagger\swagger-annotations\1.5.13\swagger-annotations-1.5.13.jar;F:\maven\maven_app\repository\io\swagger\swagger-models\1.5.13\swagger-models-1.5.13.jar;F:\maven\maven_app\repository\com\fasterxml\jackson\core\jackson-annotations\2.9.0\jackson-annotations-2.9.0.jar;F:\maven\maven_app\repository\io\springfox\springfox-spi\2.7.0\springfox-spi-2.7.0.jar;F:\maven\maven_app\repository\io\springfox\springfox-core\2.7.0\springfox-core-2.7.0.jar;F:\maven\maven_app\repository\io\springfox\springfox-schema\2.7.0\springfox-schema-2.7.0.jar;F:\maven\maven_app\repository\io\springfox\springfox-swagger-common\2.7.0\springfox-swagger-common-2.7.0.jar;F:\maven\maven_app\repository\io\springfox\springfox-spring-web\2.7.0\springfox-spring-web-2.7.0.jar;F:\maven\maven_app\repository\org\reflections\reflections\0.9.11\reflections-0.9.11.jar;F:\maven\maven_app\repository\org\javassist\javassist\3.21.0-GA\javassist-3.21.0-GA.jar;F:\maven\maven_app\repository\com\google\guava\guava\18.0\guava-18.0.jar;F:\maven\maven_app\repository\com\fasterxml\classmate\1.4.0\classmate-1.4.0.jar;F:\maven\maven_app\repository\org\slf4j\slf4j-api\1.7.25\slf4j-api-1.7.25.jar;F:\maven\maven_app\repository\org\springframework\plugin\spring-plugin-core\1.2.0.RELEASE\spring-plugin-core-1.2.0.RELEASE.jar;F:\maven\maven_app\repository\org\springframework\spring-beans\5.1.5.RELEASE\spring-beans-5.1.5.RELEASE.jar;F:\maven\maven_app\repository\org\springframework\spring-context\5.1.5.RELEASE\spring-context-5.1.5.RELEASE.jar;F:\maven\maven_app\repository\org\springframework\plugin\spring-plugin-metadata\1.2.0.RELEASE\spring-plugin-metadata-1.2.0.RELEASE.jar;F:\maven\maven_app\repository\org\mapstruct\mapstruct\1.1.0.Final\mapstruct-1.1.0.Final.jar;F:\maven\maven_app\repository\io\springfox\springfox-swagger-ui\2.7.0\springfox-swagger-ui-2.7.0.jar;F:\maven\maven_app\repository\junit\junit\4.11\junit-4.11.jar;F:\maven\maven_app\repository\org\hamcrest\hamcrest-core\1.3\hamcrest-core-1.3.jar;F:\maven\maven_app\repository\org\mybatis\generator\mybatis-generator-core\1.3.3\mybatis-generator-core-1.3.3.jar;F:\maven\maven_app\repository\org\mybatis\mybatis\3.4.6\mybatis-3.4.6.jar;F:\maven\maven_app\repository\mysql\mysql-connector-java\8.0.15\mysql-connector-java-8.0.15.jar;F:\maven\maven_app\repository\org\projectlombok\lombok\1.18.6\lombok-1.18.6.jar;F:\maven\maven_app\repository\org\springframework\boot\spring-boot-starter-web\2.1.3.RELEASE\spring-boot-starter-web-2.1.3.RELEASE.jar;F:\maven\maven_app\repository\org\springframework\boot\spring-boot-starter\2.1.3.RELEASE\spring-boot-starter-2.1.3.RELEASE.jar;F:\maven\maven_app\repository\org\springframework\boot\spring-boot-starter-logging\2.1.3.RELEASE\spring-boot-starter-logging-2.1.3.RELEASE.jar;F:\maven\maven_app\repository\ch\qos\logback\logback-classic\1.2.3\logback-classic-1.2.3.jar;F:\maven\maven_app\repository\ch\qos\logback\logback-core\1.2.3\logback-core-1.2.3.jar;F:\maven\maven_app\repository\org\apache\logging\log4j\log4j-to-slf4j\2.11.2\log4j-to-slf4j-2.11.2.jar;F:\maven\maven_app\repository\org\apache\logging\log4j\log4j-api\2.11.2\log4j-api-2.11.2.jar;F:\maven\maven_app\repository\org\slf4j\jul-to-slf4j\1.7.25\jul-to-slf4j-1.7.25.jar;F:\maven\maven_app\repository\javax\annotation\javax.annotation-api\1.3.2\javax.annotation-api-1.3.2.jar;F:\maven\maven_app\repository\org\yaml\snakeyaml\1.23\snakeyaml-1.23.jar;F:\maven\maven_app\repository\org\springframework\boot\spring-boot-starter-json\2.1.3.RELEASE\spring-boot-starter-json-2.1.3.RELEASE.jar;F:\maven\maven_app\repository\com\fasterxml\jackson\core\jackson-databind\2.9.8\jackson-databind-2.9.8.jar;F:\maven\maven_app\repository\com\fasterxml\jackson\core\jackson-core\2.9.8\jackson-core-2.9.8.jar;F:\maven\maven_app\repository\com\fasterxml\jackson\datatype\jackson-datatype-jdk8\2.9.8\jackson-datatype-jdk8-2.9.8.jar;F:\maven\maven_app\repository\com\fasterxml\jackson\datatype\jackson-datatype-jsr310\2.9.8\jackson-datatype-jsr310-2.9.8.jar;F:\maven\maven_app\repository\com\fasterxml\jackson\module\jackson-module-parameter-names\2.9.8\jackson-module-parameter-names-2.9.8.jar;F:\maven\maven_app\repository\org\springframework\boot\spring-boot-starter-tomcat\2.1.3.RELEASE\spring-boot-starter-tomcat-2.1.3.RELEASE.jar;F:\maven\maven_app\repository\org\apache\tomcat\embed\tomcat-embed-core\9.0.16\tomcat-embed-core-9.0.16.jar;F:\maven\maven_app\repository\org\apache\tomcat\embed\tomcat-embed-el\9.0.16\tomcat-embed-el-9.0.16.jar;F:\maven\maven_app\repository\org\apache\tomcat\embed\tomcat-embed-websocket\9.0.16\tomcat-embed-websocket-9.0.16.jar;F:\maven\maven_app\repository\org\hibernate\validator\hibernate-validator\6.0.14.Final\hibernate-validator-6.0.14.Final.jar;F:\maven\maven_app\repository\javax\validation\validation-api\2.0.1.Final\validation-api-2.0.1.Final.jar;F:\maven\maven_app\repository\org\jboss\logging\jboss-logging\3.3.2.Final\jboss-logging-3.3.2.Final.jar;F:\maven\maven_app\repository\org\springframework\spring-web\5.1.5.RELEASE\spring-web-5.1.5.RELEASE.jar;F:\maven\maven_app\repository\org\springframework\spring-webmvc\5.1.5.RELEASE\spring-webmvc-5.1.5.RELEASE.jar;F:\maven\maven_app\repository\org\springframework\spring-expression\5.1.5.RELEASE\spring-expression-5.1.5.RELEASE.jar;F:\maven\maven_app\repository\org\springframework\boot\spring-boot-starter-actuator\2.1.3.RELEASE\spring-boot-starter-actuator-2.1.3.RELEASE.jar;F:\maven\maven_app\repository\org\springframework\boot\spring-boot-actuator-autoconfigure\2.1.3.RELEASE\spring-boot-actuator-autoconfigure-2.1.3.RELEASE.jar;F:\maven\maven_app\repository\org\springframework\boot\spring-boot-actuator\2.1.3.RELEASE\spring-boot-actuator-2.1.3.RELEASE.jar;F:\maven\maven_app\repository\io\micrometer\micrometer-core\1.1.3\micrometer-core-1.1.3.jar;F:\maven\maven_app\repository\org\hdrhistogram\HdrHistogram\2.1.9\HdrHistogram-2.1.9.jar;F:\maven\maven_app\repository\org\latencyutils\LatencyUtils\2.0.3\LatencyUtils-2.0.3.jar;F:\maven\maven_app\repository\org\springframework\boot\spring-boot-starter-aop\2.1.3.RELEASE\spring-boot-starter-aop-2.1.3.RELEASE.jar;F:\maven\maven_app\repository\org\springframework\spring-aop\5.1.5.RELEASE\spring-aop-5.1.5.RELEASE.jar;F:\maven\maven_app\repository\org\aspectj\aspectjweaver\1.9.2\aspectjweaver-1.9.2.jar;F:\maven\maven_app\repository\org\springframework\boot\spring-boot-starter-test\2.1.3.RELEASE\spring-boot-starter-test-2.1.3.RELEASE.jar;F:\maven\maven_app\repository\org\springframework\boot\spring-boot-test\2.1.3.RELEASE\spring-boot-test-2.1.3.RELEASE.jar;F:\maven\maven_app\repository\org\springframework\boot\spring-boot-test-autoconfigure\2.1.3.RELEASE\spring-boot-test-autoconfigure-2.1.3.RELEASE.jar;F:\maven\maven_app\repository\com\jayway\jsonpath\json-path\2.4.0\json-path-2.4.0.jar;F:\maven\maven_app\repository\net\minidev\json-smart\2.3\json-smart-2.3.jar;F:\maven\maven_app\repository\net\minidev\accessors-smart\1.2\accessors-smart-1.2.jar;F:\maven\maven_app\repository\org\ow2\asm\asm\5.0.4\asm-5.0.4.jar;F:\maven\maven_app\repository\org\assertj\assertj-core\3.11.1\assertj-core-3.11.1.jar;F:\maven\maven_app\repository\org\mockito\mockito-core\2.23.4\mockito-core-2.23.4.jar;F:\maven\maven_app\repository\net\bytebuddy\byte-buddy\1.9.10\byte-buddy-1.9.10.jar;F:\maven\maven_app\repository\net\bytebuddy\byte-buddy-agent\1.9.10\byte-buddy-agent-1.9.10.jar;F:\maven\maven_app\repository\org\objenesis\objenesis\2.6\objenesis-2.6.jar;F:\maven\maven_app\repository\org\hamcrest\hamcrest-library\1.3\hamcrest-library-1.3.jar;F:\maven\maven_app\repository\org\skyscreamer\jsonassert\1.5.0\jsonassert-1.5.0.jar;F:\maven\maven_app\repository\com\vaadin\external\google\android-json\0.0.20131108.vaadin1\android-json-0.0.20131108.vaadin1.jar;F:\maven\maven_app\repository\org\springframework\spring-core\5.1.5.RELEASE\spring-core-5.1.5.RELEASE.jar;F:\maven\maven_app\repository\org\springframework\spring-jcl\5.1.5.RELEASE\spring-jcl-5.1.5.RELEASE.jar;F:\maven\maven_app\repository\org\springframework\spring-test\5.1.5.RELEASE\spring-test-5.1.5.RELEASE.jar;F:\maven\maven_app\repository\org\xmlunit\xmlunit-core\2.6.2\xmlunit-core-2.6.2.jar;F:\maven\maven_app\repository\com\github\pagehelper\pagehelper-spring-boot-starter\1.2.10\pagehelper-spring-boot-starter-1.2.10.jar;F:\maven\maven_app\repository\org\mybatis\spring\boot\mybatis-spring-boot-starter\1.3.2\mybatis-spring-boot-starter-1.3.2.jar;F:\maven\maven_app\repository\org\springframework\boot\spring-boot-starter-jdbc\2.1.3.RELEASE\spring-boot-starter-jdbc-2.1.3.RELEASE.jar;F:\maven\maven_app\repository\com\zaxxer\HikariCP\3.2.0\HikariCP-3.2.0.jar;F:\maven\maven_app\repository\org\springframework\spring-jdbc\5.1.5.RELEASE\spring-jdbc-5.1.5.RELEASE.jar;F:\maven\maven_app\repository\org\springframework\spring-tx\5.1.5.RELEASE\spring-tx-5.1.5.RELEASE.jar;F:\maven\maven_app\repository\org\mybatis\spring\boot\mybatis-spring-boot-autoconfigure\1.3.2\mybatis-spring-boot-autoconfigure-1.3.2.jar;F:\maven\maven_app\repository\org\mybatis\mybatis-spring\1.3.2\mybatis-spring-1.3.2.jar;F:\maven\maven_app\repository\com\github\pagehelper\pagehelper-spring-boot-autoconfigure\1.2.10\pagehelper-spring-boot-autoconfigure-1.2.10.jar;F:\maven\maven_app\repository\com\github\pagehelper\pagehelper\5.1.8\pagehelper-5.1.8.jar;F:\maven\maven_app\repository\com\github\jsqlparser\jsqlparser\1.2\jsqlparser-1.2.jar;F:\maven\maven_app\repository\com\alibaba\druid-spring-boot-starter\1.1.10\druid-spring-boot-starter-1.1.10.jar;F:\maven\maven_app\repository\com\alibaba\druid\1.1.10\druid-1.1.10.jar;F:\maven\maven_app\repository\org\springframework\boot\spring-boot-autoconfigure\2.1.3.RELEASE\spring-boot-autoconfigure-2.1.3.RELEASE.jar;F:\maven\maven_app\repository\org\springframework\boot\spring-boot-devtools\2.1.3.RELEASE\spring-boot-devtools-2.1.3.RELEASE.jar;F:\maven\maven_app\repository\org\springframework\boot\spring-boot\2.1.3.RELEASE\spring-boot-2.1.3.RELEASE.jar;"/>
    <property name="sun.cpu.endian" value="little"/>
    <property name="user.home" value="C:\Users\lenovo-aa"/>
    <property name="user.language" value="zh"/>
    <property name="java.specification.vendor" value="Oracle Corporation"/>
    <property name="java.home" value="C:\Program Files\Java\jdk1.8.0_144\jre"/>
    <property name="basedir" value="F:\HIS\HIS\HIS-master\HIS-mbg"/>
    <property name="file.separator" value="\"/>
    <property name="line.separator" value="&#10;"/>
    <property name="java.vm.specification.vendor" value="Oracle Corporation"/>
    <property name="java.specification.name" value="Java Platform API Specification"/>
    <property name="java.awt.graphicsenv" value="sun.awt.Win32GraphicsEnvironment"/>
    <property name="surefire.real.class.path" value="C:\Users\LENOVO~1\AppData\Local\Temp\surefire5730385921987976556\surefirebooter4112024315750942443.jar"/>
    <property name="sun.boot.class.path" value="C:\Program Files\Java\jdk1.8.0_144\jre\lib\resources.jar;C:\Program Files\Java\jdk1.8.0_144\jre\lib\rt.jar;C:\Program Files\Java\jdk1.8.0_144\jre\lib\sunrsasign.jar;C:\Program Files\Java\jdk1.8.0_144\jre\lib\jsse.jar;C:\Program Files\Java\jdk1.8.0_144\jre\lib\jce.jar;C:\Program Files\Java\jdk1.8.0_144\jre\lib\charsets.jar;C:\Program Files\Java\jdk1.8.0_144\jre\lib\jfr.jar;C:\Program Files\Java\jdk1.8.0_144\jre\classes"/>
    <property name="user.script" value=""/>
    <property name="sun.management.compiler" value="HotSpot 64-Bit Tiered Compilers"/>
    <property name="java.runtime.version" value="1.8.0_144-b01"/>
    <property name="user.name" value="Zain"/>
    <property name="path.separator" value=";"/>
    <property name="os.version" value="10.0"/>
    <property name="java.endorsed.dirs" value="C:\Program Files\Java\jdk1.8.0_144\jre\lib\endorsed"/>
    <property name="java.runtime.name" value="Java(TM) SE Runtime Environment"/>
    <property name="file.encoding" value="GBK"/>
    <property name="java.vm.name" value="Java HotSpot(TM) 64-Bit Server VM"/>
    <property name="localRepository" value="F:\maven\maven_app\repository"/>
    <property name="java.vendor.url.bug" value="http://bugreport.sun.com/bugreport/"/>
    <property name="java.io.tmpdir" value="C:\Users\LENOVO~1\AppData\Local\Temp\"/>
    <property name="java.version" value="1.8.0_144"/>
    <property name="user.dir" value="F:\HIS\HIS\HIS-master\HIS-mbg"/>
    <property name="os.arch" value="amd64"/>
    <property name="java.vm.specification.name" value="Java Virtual Machine Specification"/>
    <property name="java.awt.printerjob" value="sun.awt.windows.WPrinterJob"/>
    <property name="sun.os.patch.level" value=""/>
    <property name="java.library.path" value="C:\Program Files\Java\jdk1.8.0_144\jre\bin;C:\WINDOWS\Sun\Java\bin;C:\WINDOWS\system32;C:\WINDOWS;F:\anaconda;F:\anaconda\Library\mingw-w64\bin;F:\anaconda\Library\usr\bin;F:\anaconda\Library\bin;F:\anaconda\Scripts;F:\app\Zain\product\11.2.0\dbhome_1\bin;C:\ProgramData\Oracle\Java\javapath;C:\Program Files (x86)\Intel\iCLS Client\;C:\Program Files\Intel\iCLS Client\;C:\Windows\system32;C:\Windows;C:\Windows\System32\Wbem;C:\Windows\System32\WindowsPowerShell\v1.0\;C:\Program Files (x86)\NVIDIA Corporation\PhysX\Common;C:\Program Files (x86)\Intel\Intel(R) Management Engine Components\DAL;C:\Program Files\Intel\Intel(R) Management Engine Components\DAL;C:\Program Files (x86)\Intel\Intel(R) Management Engine Components\IPT;C:\Program Files\Intel\Intel(R) Management Engine Components\IPT;C:\Program Files\Microsoft SQL Server\130\Tools\Binn\;C:\WINDOWS\system32;C:\WINDOWS;C:\WINDOWS\System32\Wbem;C:\WINDOWS\System32\WindowsPowerShell\v1.0\;F:\Mysql\bin;C:\WINDOWS\System32\OpenSSH\;F:\PuTTY\;F:\Git\cmd;F:\python;F:\pip\pip-18.1;F:\python\Scripts;F:\maven\apache-maven-3.6.0\bin;F:\apache-cxf-3.2.7\bin;C:\jpython\bin;F:\nodejs\;C:\Program Files (x86)\graphviz\bin;.;C:\Program Files\Java\jdk1.8.0_144\bin;C:\Program Files\Java\jdk1.8.0_144\jre\bin;C:\Users\lenovo-aa\AppData\Local\Microsoft\WindowsApps;F:\Egret Wing 3\binC:\tomcat\lib;C:\tomcat\bin;C:\Users\lenovo-aa\AppData\Local\atom\bin;C:\Users\lenovo-aa\AppData\Local\GitHubDesktop\bin;C:\Users\lenovo-aa\AppData\Local\Microsoft\WindowsApps;F:\IntelliJ IDEA 2018.3.3\bin;;F:\nodejs\node_global;C:\Users\lenovo-aa\AppData\Roaming\npm;F:\erl\bin;;."/>
    <property name="java.vm.info" value="mixed mode"/>
    <property name="java.vendor" value="Oracle Corporation"/>
    <property name="java.vm.version" value="25.144-b01"/>
    <property name="java.ext.dirs" value="C:\Program Files\Java\jdk1.8.0_144\jre\lib\ext;C:\WINDOWS\Sun\Java\lib\ext"/>
    <property name="sun.io.unicode.encoding" value="UnicodeLittle"/>
    <property name="java.class.version" value="52.0"/>
  </properties>
  <testcase name="shouldAnswerWithTrue" classname="com.neu.his.bms.AppTest" time="0.002"/>
</testsuite>